# JRE version: OpenJDK Runtime Environment (8.0_152-b06) (build 1.8.0_152-release-1136-b06)
# Java VM: OpenJDK 64-Bit Server VM (25.152-b06 mixed mode windows-amd64 compressed oops)
Heap:
 PSYoungGen      total 159232K, used 129481K [0x00000000e0000000, 0x00000000eb880000, 0x0000000100000000)
  eden space 135168K, 95% used [0x00000000e0000000,0x00000000e7e724c8,0x00000000e8400000)
  from space 24064K, 0% used [0x00000000e9d00000,0x00000000e9d00000,0x00000000eb480000)
  to   space 25600K, 0% used [0x00000000e8400000,0x00000000e8400000,0x00000000e9d00000)
 ParOldGen       total 65024K, used 34444K [0x00000000a0000000, 0x00000000a3f80000, 0x00000000e0000000)
  object space 65024K, 52% used [0x00000000a0000000,0x00000000a21a32a0,0x00000000a3f80000)
 Metaspace       used 62252K, capacity 63576K, committed 63872K, reserved 1105920K
  class space    used 7203K, capacity 7521K, committed 7552K, reserved 1048576K
GC Heap History (10 events):
Event: 32.432 GC heap before
{Heap before GC invocations=15 (full 3):
 PSYoungGen      total 105472K, used 105448K [0x00000000e0000000, 0x00000000e9000000, 0x0000000100000000)
  eden space 88576K, 100% used [0x00000000e0000000,0x00000000e5680000,0x00000000e5680000)
  from space 16896K, 99% used [0x00000000e5680000,0x00000000e66fa108,0x00000000e6700000)
  to   space 20480K, 0% used [0x00000000e7c00000,0x00000000e7c00000,0x00000000e9000000)
 ParOldGen       total 60928K, used 21804K [0x00000000a0000000, 0x00000000a3b80000, 0x00000000e0000000)
  object space 60928K, 35% used [0x00000000a0000000,0x00000000a154b1e8,0x00000000a3b80000)
 Metaspace       used 52203K, capacity 53222K, committed 53632K, reserved 1095680K
  class space    used 6404K, capacity 6676K, committed 6784K, reserved 1048576K
Event: 32.487 GC heap after
Heap after GC invocations=15 (full 3):
 PSYoungGen      total 125440K, used 16292K [0x00000000e0000000, 0x00000000e9c00000, 0x0000000100000000)
  eden space 104960K, 0% used [0x00000000e0000000,0x00000000e0000000,0x00000000e6680000)
  from space 20480K, 79% used [0x00000000e7c00000,0x00000000e8be90e8,0x00000000e9000000)
  to   space 22016K, 0% used [0x00000000e6680000,0x00000000e6680000,0x00000000e7c00000)
 ParOldGen       total 60928K, used 34980K [0x00000000a0000000, 0x00000000a3b80000, 0x00000000e0000000)
  object space 60928K, 57% used [0x00000000a0000000,0x00000000a2229198,0x00000000a3b80000)
 Metaspace       used 52203K, capacity 53222K, committed 53632K, reserved 1095680K
  class space    used 6404K, capacity 6676K, committed 6784K, reserved 1048576K
}
Event: 36.774 GC heap before
{Heap before GC invocations=16 (full 3):
 PSYoungGen      total 125440K, used 121252K [0x00000000e0000000, 0x00000000e9c00000, 0x0000000100000000)
  eden space 104960K, 100% used [0x00000000e0000000,0x00000000e6680000,0x00000000e6680000)
  from space 20480K, 79% used [0x00000000e7c00000,0x00000000e8be90e8,0x00000000e9000000)
  to   space 22016K, 0% used [0x00000000e6680000,0x00000000e6680000,0x00000000e7c00000)
 ParOldGen       total 60928K, used 34980K [0x00000000a0000000, 0x00000000a3b80000, 0x00000000e0000000)
  object space 60928K, 57% used [0x00000000a0000000,0x00000000a2229198,0x00000000a3b80000)
 Metaspace       used 54589K, capacity 55584K, committed 56064K, reserved 1097728K
  class space    used 6542K, capacity 6809K, committed 6912K, reserved 1048576K
Event: 36.862 GC heap after
Heap after GC invocations=16 (full 3):
 PSYoungGen      total 126976K, used 19045K [0x00000000e0000000, 0x00000000eb480000, 0x0000000100000000)
  eden space 104960K, 0% used [0x00000000e0000000,0x00000000e0000000,0x00000000e6680000)
  from space 22016K, 86% used [0x00000000e6680000,0x00000000e7919428,0x00000000e7c00000)
  to   space 24064K, 0% used [0x00000000e9d00000,0x00000000e9d00000,0x00000000eb480000)
 ParOldGen       total 60928K, used 46944K [0x00000000a0000000, 0x00000000a3b80000, 0x00000000e0000000)
  object space 60928K, 77% used [0x00000000a0000000,0x00000000a2dd82d8,0x00000000a3b80000)
 Metaspace       used 54589K, capacity 55584K, committed 56064K, reserved 1097728K
  class space    used 6542K, capacity 6809K, committed 6912K, reserved 1048576K
}
Event: 40.082 GC heap before
{Heap before GC invocations=17 (full 3):
 PSYoungGen      total 126976K, used 124005K [0x00000000e0000000, 0x00000000eb480000, 0x0000000100000000)
  eden space 104960K, 100% used [0x00000000e0000000,0x00000000e6680000,0x00000000e6680000)
  from space 22016K, 86% used [0x00000000e6680000,0x00000000e7919428,0x00000000e7c00000)
  to   space 24064K, 0% used [0x00000000e9d00000,0x00000000e9d00000,0x00000000eb480000)
 ParOldGen       total 60928K, used 46944K [0x00000000a0000000, 0x00000000a3b80000, 0x00000000e0000000)
  object space 60928K, 77% used [0x00000000a0000000,0x00000000a2dd82d8,0x00000000a3b80000)
 Metaspace       used 56316K, capacity 57388K, committed 57728K, reserved 1099776K
  class space    used 6743K, capacity 7027K, committed 7040K, reserved 1048576K
Event: 40.183 GC heap after
Heap after GC invocations=17 (full 3):
 PSYoungGen      total 159232K, used 17577K [0x00000000e0000000, 0x00000000eb880000, 0x0000000100000000)
  eden space 135168K, 0% used [0x00000000e0000000,0x00000000e0000000,0x00000000e8400000)
  from space 24064K, 73% used [0x00000000e9d00000,0x00000000eae2a608,0x00000000eb480000)
  to   space 25600K, 0% used [0x00000000e8400000,0x00000000e8400000,0x00000000e9d00000)
 ParOldGen       total 65024K, used 64469K [0x00000000a0000000, 0x00000000a3f80000, 0x00000000e0000000)
  object space 65024K, 99% used [0x00000000a0000000,0x00000000a3ef56d8,0x00000000a3f80000)
 Metaspace       used 56316K, capacity 57388K, committed 57728K, reserved 1099776K
  class space    used 6743K, capacity 7027K, committed 7040K, reserved 1048576K
}
Event: 40.183 GC heap before
{Heap before GC invocations=18 (full 4):
 PSYoungGen      total 159232K, used 17577K [0x00000000e0000000, 0x00000000eb880000, 0x0000000100000000)
  eden space 135168K, 0% used [0x00000000e0000000,0x00000000e0000000,0x00000000e8400000)
  from space 24064K, 73% used [0x00000000e9d00000,0x00000000eae2a608,0x00000000eb480000)
  to   space 25600K, 0% used [0x00000000e8400000,0x00000000e8400000,0x00000000e9d00000)
 ParOldGen       total 65024K, used 64469K [0x00000000a0000000, 0x00000000a3f80000, 0x00000000e0000000)
  object space 65024K, 99% used [0x00000000a0000000,0x00000000a3ef56d8,0x00000000a3f80000)
 Metaspace       used 56316K, capacity 57388K, committed 57728K, reserved 1099776K
  class space    used 6743K, capacity 7027K, committed 7040K, reserved 1048576K
Event: 40.985 GC heap after
Heap after GC invocations=18 (full 4):
 PSYoungGen      total 159232K, used 12308K [0x00000000e0000000, 0x00000000eb880000, 0x0000000100000000)
  eden space 135168K, 0% used [0x00000000e0000000,0x00000000e0000000,0x00000000e8400000)
  from space 24064K, 51% used [0x00000000e9d00000,0x00000000ea905390,0x00000000eb480000)
  to   space 25600K, 0% used [0x00000000e8400000,0x00000000e8400000,0x00000000e9d00000)
 ParOldGen       total 65024K, used 64632K [0x00000000a0000000, 0x00000000a3f80000, 0x00000000e0000000)
  object space 65024K, 99% used [0x00000000a0000000,0x00000000a3f1e140,0x00000000a3f80000)
 Metaspace       used 56316K, capacity 57388K, committed 57728K, reserved 1099776K
  class space    used 6743K, capacity 7027K, committed 7040K, reserved 1048576K
}
Event: 48.988 GC heap before
{Heap before GC invocations=19 (full 5):
 PSYoungGen      total 159232K, used 147476K [0x00000000e0000000, 0x00000000eb880000, 0x0000000100000000)
  eden space 135168K, 100% used [0x00000000e0000000,0x00000000e8400000,0x00000000e8400000)
  from space 24064K, 51% used [0x00000000e9d00000,0x00000000ea905390,0x00000000eb480000)
  to   space 25600K, 0% used [0x00000000e8400000,0x00000000e8400000,0x00000000e9d00000)
 ParOldGen       total 65024K, used 64632K [0x00000000a0000000, 0x00000000a3f80000, 0x00000000e0000000)
  object space 65024K, 99% used [0x00000000a0000000,0x00000000a3f1e140,0x00000000a3f80000)
 Metaspace       used 61659K, capacity 62944K, committed 63104K, reserved 1105920K
  class space    used 7170K, capacity 7485K, committed 7552K, reserved 1048576K
Event: 49.142 GC heap after
Heap after GC invocations=19 (full 5):
 PSYoungGen      total 159232K, used 0K [0x00000000e0000000, 0x00000000eb880000, 0x0000000100000000)
  eden space 135168K, 0% used [0x00000000e0000000,0x00000000e0000000,0x00000000e8400000)
  from space 24064K, 0% used [0x00000000e9d00000,0x00000000e9d00000,0x00000000eb480000)
  to   space 25600K, 0% used [0x00000000e8400000,0x00000000e8400000,0x00000000e9d00000)
 ParOldGen       total 65024K, used 34444K [0x00000000a0000000, 0x00000000a3f80000, 0x00000000e0000000)
  object space 65024K, 52% used [0x00000000a0000000,0x00000000a21a32a0,0x00000000a3f80000)
 Metaspace       used 61659K, capacity 62944K, committed 63104K, reserved 1105920K
  class space    used 7170K, capacity 7485K, committed 7552K, reserved 1048576K
}

