# JRE version: OpenJDK Runtime Environment (8.0_152-b06) (build 1.8.0_152-release-1136-b06)
# Java VM: OpenJDK 64-Bit Server VM (25.152-b06 mixed mode windows-amd64 compressed oops)
Heap:
 PSYoungGen      total 228352K, used 102120K [0x00000000e0000000, 0x00000000eed80000, 0x0000000100000000)
  eden space 213504K, 47% used [0x00000000e0000000,0x00000000e62285d0,0x00000000ed080000)
  from space 14848K, 10% used [0x00000000ed080000,0x00000000ed211ab8,0x00000000edf00000)
  to   space 14848K, 0% used [0x00000000edf00000,0x00000000edf00000,0x00000000eed80000)
 ParOldGen       total 119296K, used 81211K [0x00000000a0000000, 0x00000000a7480000, 0x00000000e0000000)
  object space 119296K, 68% used [0x00000000a0000000,0x00000000a4f4ef80,0x00000000a7480000)
 Metaspace       used 71074K, capacity 73422K, committed 73856K, reserved 1114112K
  class space    used 9455K, capacity 9950K, committed 10112K, reserved 1048576K
GC Heap History (10 events):
Event: 78.440 GC heap before
{Heap before GC invocations=31 (full 4):
 PSYoungGen      total 228352K, used 217480K [0x00000000e0000000, 0x00000000eed80000, 0x0000000100000000)
  eden space 213504K, 100% used [0x00000000e0000000,0x00000000ed080000,0x00000000ed080000)
  from space 14848K, 26% used [0x00000000edf00000,0x00000000ee2e2078,0x00000000eed80000)
  to   space 14848K, 0% used [0x00000000ed080000,0x00000000ed080000,0x00000000edf00000)
 ParOldGen       total 119296K, used 67593K [0x00000000a0000000, 0x00000000a7480000, 0x00000000e0000000)
  object space 119296K, 56% used [0x00000000a0000000,0x00000000a42027a0,0x00000000a7480000)
 Metaspace       used 70981K, capacity 73280K, committed 73856K, reserved 1114112K
  class space    used 9449K, capacity 9949K, committed 10112K, reserved 1048576K
Event: 78.461 GC heap after
Heap after GC invocations=31 (full 4):
 PSYoungGen      total 228352K, used 5510K [0x00000000e0000000, 0x00000000eed80000, 0x0000000100000000)
  eden space 213504K, 0% used [0x00000000e0000000,0x00000000e0000000,0x00000000ed080000)
  from space 14848K, 37% used [0x00000000ed080000,0x00000000ed5e1a88,0x00000000edf00000)
  to   space 14848K, 0% used [0x00000000edf00000,0x00000000edf00000,0x00000000eed80000)
 ParOldGen       total 119296K, used 69890K [0x00000000a0000000, 0x00000000a7480000, 0x00000000e0000000)
  object space 119296K, 58% used [0x00000000a0000000,0x00000000a4440a00,0x00000000a7480000)
 Metaspace       used 70981K, capacity 73280K, committed 73856K, reserved 1114112K
  class space    used 9449K, capacity 9949K, committed 10112K, reserved 1048576K
}
Event: 79.587 GC heap before
{Heap before GC invocations=32 (full 4):
 PSYoungGen      total 228352K, used 219014K [0x00000000e0000000, 0x00000000eed80000, 0x0000000100000000)
  eden space 213504K, 100% used [0x00000000e0000000,0x00000000ed080000,0x00000000ed080000)
  from space 14848K, 37% used [0x00000000ed080000,0x00000000ed5e1a88,0x00000000edf00000)
  to   space 14848K, 0% used [0x00000000edf00000,0x00000000edf00000,0x00000000eed80000)
 ParOldGen       total 119296K, used 69890K [0x00000000a0000000, 0x00000000a7480000, 0x00000000e0000000)
  object space 119296K, 58% used [0x00000000a0000000,0x00000000a4440a00,0x00000000a7480000)
 Metaspace       used 71009K, capacity 73290K, committed 73856K, reserved 1114112K
  class space    used 9454K, capacity 9950K, committed 10112K, reserved 1048576K
Event: 79.602 GC heap after
Heap after GC invocations=32 (full 4):
 PSYoungGen      total 228352K, used 3664K [0x00000000e0000000, 0x00000000eed80000, 0x0000000100000000)
  eden space 213504K, 0% used [0x00000000e0000000,0x00000000e0000000,0x00000000ed080000)
  from space 14848K, 24% used [0x00000000edf00000,0x00000000ee2941c0,0x00000000eed80000)
  to   space 14848K, 0% used [0x00000000ed080000,0x00000000ed080000,0x00000000edf00000)
 ParOldGen       total 119296K, used 73539K [0x00000000a0000000, 0x00000000a7480000, 0x00000000e0000000)
  object space 119296K, 61% used [0x00000000a0000000,0x00000000a47d0d80,0x00000000a7480000)
 Metaspace       used 71009K, capacity 73290K, committed 73856K, reserved 1114112K
  class space    used 9454K, capacity 9950K, committed 10112K, reserved 1048576K
}
Event: 80.616 GC heap before
{Heap before GC invocations=33 (full 4):
 PSYoungGen      total 228352K, used 217168K [0x00000000e0000000, 0x00000000eed80000, 0x0000000100000000)
  eden space 213504K, 100% used [0x00000000e0000000,0x00000000ed080000,0x00000000ed080000)
  from space 14848K, 24% used [0x00000000edf00000,0x00000000ee2941c0,0x00000000eed80000)
  to   space 14848K, 0% used [0x00000000ed080000,0x00000000ed080000,0x00000000edf00000)
 ParOldGen       total 119296K, used 73539K [0x00000000a0000000, 0x00000000a7480000, 0x00000000e0000000)
  object space 119296K, 61% used [0x00000000a0000000,0x00000000a47d0d80,0x00000000a7480000)
 Metaspace       used 71017K, capacity 73290K, committed 73856K, reserved 1114112K
  class space    used 9454K, capacity 9950K, committed 10112K, reserved 1048576K
Event: 80.629 GC heap after
Heap after GC invocations=33 (full 4):
 PSYoungGen      total 228352K, used 3584K [0x00000000e0000000, 0x00000000eed80000, 0x0000000100000000)
  eden space 213504K, 0% used [0x00000000e0000000,0x00000000e0000000,0x00000000ed080000)
  from space 14848K, 24% used [0x00000000ed080000,0x00000000ed400000,0x00000000edf00000)
  to   space 14848K, 0% used [0x00000000edf00000,0x00000000edf00000,0x00000000eed80000)
 ParOldGen       total 119296K, used 76121K [0x00000000a0000000, 0x00000000a7480000, 0x00000000e0000000)
  object space 119296K, 63% used [0x00000000a0000000,0x00000000a4a567e0,0x00000000a7480000)
 Metaspace       used 71017K, capacity 73290K, committed 73856K, reserved 1114112K
  class space    used 9454K, capacity 9950K, committed 10112K, reserved 1048576K
}
Event: 81.863 GC heap before
{Heap before GC invocations=34 (full 4):
 PSYoungGen      total 228352K, used 217088K [0x00000000e0000000, 0x00000000eed80000, 0x0000000100000000)
  eden space 213504K, 100% used [0x00000000e0000000,0x00000000ed080000,0x00000000ed080000)
  from space 14848K, 24% used [0x00000000ed080000,0x00000000ed400000,0x00000000edf00000)
  to   space 14848K, 0% used [0x00000000edf00000,0x00000000edf00000,0x00000000eed80000)
 ParOldGen       total 119296K, used 76121K [0x00000000a0000000, 0x00000000a7480000, 0x00000000e0000000)
  object space 119296K, 63% used [0x00000000a0000000,0x00000000a4a567e0,0x00000000a7480000)
 Metaspace       used 71028K, capacity 73290K, committed 73856K, reserved 1114112K
  class space    used 9455K, capacity 9950K, committed 10112K, reserved 1048576K
Event: 81.889 GC heap after
Heap after GC invocations=34 (full 4):
 PSYoungGen      total 228352K, used 5080K [0x00000000e0000000, 0x00000000eed80000, 0x0000000100000000)
  eden space 213504K, 0% used [0x00000000e0000000,0x00000000e0000000,0x00000000ed080000)
  from space 14848K, 34% used [0x00000000edf00000,0x00000000ee3f6380,0x00000000eed80000)
  to   space 14848K, 0% used [0x00000000ed080000,0x00000000ed080000,0x00000000edf00000)
 ParOldGen       total 119296K, used 79274K [0x00000000a0000000, 0x00000000a7480000, 0x00000000e0000000)
  object space 119296K, 66% used [0x00000000a0000000,0x00000000a4d6a828,0x00000000a7480000)
 Metaspace       used 71028K, capacity 73290K, committed 73856K, reserved 1114112K
  class space    used 9455K, capacity 9950K, committed 10112K, reserved 1048576K
}
Event: 83.174 GC heap before
{Heap before GC invocations=35 (full 4):
 PSYoungGen      total 228352K, used 218584K [0x00000000e0000000, 0x00000000eed80000, 0x0000000100000000)
  eden space 213504K, 100% used [0x00000000e0000000,0x00000000ed080000,0x00000000ed080000)
  from space 14848K, 34% used [0x00000000edf00000,0x00000000ee3f6380,0x00000000eed80000)
  to   space 14848K, 0% used [0x00000000ed080000,0x00000000ed080000,0x00000000edf00000)
 ParOldGen       total 119296K, used 79274K [0x00000000a0000000, 0x00000000a7480000, 0x00000000e0000000)
  object space 119296K, 66% used [0x00000000a0000000,0x00000000a4d6a828,0x00000000a7480000)
 Metaspace       used 71062K, capacity 73418K, committed 73856K, reserved 1114112K
  class space    used 9455K, capacity 9950K, committed 10112K, reserved 1048576K
Event: 83.189 GC heap after
Heap after GC invocations=35 (full 4):
 PSYoungGen      total 228352K, used 1606K [0x00000000e0000000, 0x00000000eed80000, 0x0000000100000000)
  eden space 213504K, 0% used [0x00000000e0000000,0x00000000e0000000,0x00000000ed080000)
  from space 14848K, 10% used [0x00000000ed080000,0x00000000ed211ab8,0x00000000edf00000)
  to   space 14848K, 0% used [0x00000000edf00000,0x00000000edf00000,0x00000000eed80000)
 ParOldGen       total 119296K, used 81211K [0x00000000a0000000, 0x00000000a7480000, 0x00000000e0000000)
  object space 119296K, 68% used [0x00000000a0000000,0x00000000a4f4ef80,0x00000000a7480000)
 Metaspace       used 71062K, capacity 73418K, committed 73856K, reserved 1114112K
  class space    used 9455K, capacity 9950K, committed 10112K, reserved 1048576K
}

