# JRE version: OpenJDK Runtime Environment (8.0_152-b06) (build 1.8.0_152-release-1136-b06)
# Java VM: OpenJDK 64-Bit Server VM (25.152-b06 mixed mode windows-amd64 compressed oops)
Heap:
 PSYoungGen      total 190464K, used 47315K [0x00000000e0000000, 0x00000000ede80000, 0x0000000100000000)
  eden space 171520K, 24% used [0x00000000e0000000,0x00000000e29976f8,0x00000000ea780000)
  from space 18944K, 24% used [0x00000000ea780000,0x00000000eac1d768,0x00000000eba00000)
  to   space 18432K, 0% used [0x00000000ecc80000,0x00000000ecc80000,0x00000000ede80000)
 ParOldGen       total 89088K, used 44809K [0x00000000a0000000, 0x00000000a5700000, 0x00000000e0000000)
  object space 89088K, 50% used [0x00000000a0000000,0x00000000a2bc27c0,0x00000000a5700000)
 Metaspace       used 72636K, capacity 75076K, committed 75392K, reserved 1114112K
  class space    used 9700K, capacity 10262K, committed 10368K, reserved 1048576K
GC Heap History (10 events):
Event: 34.463 GC heap before
{Heap before GC invocations=16 (full 2):
 PSYoungGen      total 116736K, used 116705K [0x00000000e0000000, 0x00000000ea280000, 0x0000000100000000)
  eden space 106496K, 100% used [0x00000000e0000000,0x00000000e6800000,0x00000000e6800000)
  from space 10240K, 99% used [0x00000000e6800000,0x00000000e71f8610,0x00000000e7200000)
  to   space 13824K, 0% used [0x00000000e9500000,0x00000000e9500000,0x00000000ea280000)
 ParOldGen       total 54784K, used 23014K [0x00000000a0000000, 0x00000000a3580000, 0x00000000e0000000)
  object space 54784K, 42% used [0x00000000a0000000,0x00000000a1679b90,0x00000000a3580000)
 Metaspace       used 56095K, capacity 57696K, committed 57984K, reserved 1099776K
  class space    used 7620K, capacity 8015K, committed 8064K, reserved 1048576K
Event: 34.495 GC heap after
Heap after GC invocations=16 (full 2):
 PSYoungGen      total 151040K, used 12073K [0x00000000e0000000, 0x00000000ea400000, 0x0000000100000000)
  eden space 137216K, 0% used [0x00000000e0000000,0x00000000e0000000,0x00000000e8600000)
  from space 13824K, 87% used [0x00000000e9500000,0x00000000ea0ca4c8,0x00000000ea280000)
  to   space 15360K, 0% used [0x00000000e8600000,0x00000000e8600000,0x00000000e9500000)
 ParOldGen       total 54784K, used 28930K [0x00000000a0000000, 0x00000000a3580000, 0x00000000e0000000)
  object space 54784K, 52% used [0x00000000a0000000,0x00000000a1c40ba8,0x00000000a3580000)
 Metaspace       used 56095K, capacity 57696K, committed 57984K, reserved 1099776K
  class space    used 7620K, capacity 8015K, committed 8064K, reserved 1048576K
}
Event: 36.712 GC heap before
{Heap before GC invocations=17 (full 2):
 PSYoungGen      total 151040K, used 61329K [0x00000000e0000000, 0x00000000ea400000, 0x0000000100000000)
  eden space 137216K, 35% used [0x00000000e0000000,0x00000000e301a318,0x00000000e8600000)
  from space 13824K, 87% used [0x00000000e9500000,0x00000000ea0ca4c8,0x00000000ea280000)
  to   space 15360K, 0% used [0x00000000e8600000,0x00000000e8600000,0x00000000e9500000)
 ParOldGen       total 54784K, used 28930K [0x00000000a0000000, 0x00000000a3580000, 0x00000000e0000000)
  object space 54784K, 52% used [0x00000000a0000000,0x00000000a1c40ba8,0x00000000a3580000)
 Metaspace       used 57302K, capacity 58902K, committed 59028K, reserved 1099776K
  class space    used 7789K, capacity 8192K, committed 8192K, reserved 1048576K
Event: 36.733 GC heap after
Heap after GC invocations=17 (full 2):
 PSYoungGen      total 152576K, used 10589K [0x00000000e0000000, 0x00000000ecc80000, 0x0000000100000000)
  eden space 137216K, 0% used [0x00000000e0000000,0x00000000e0000000,0x00000000e8600000)
  from space 15360K, 68% used [0x00000000e8600000,0x00000000e9057508,0x00000000e9500000)
  to   space 15872K, 0% used [0x00000000ebd00000,0x00000000ebd00000,0x00000000ecc80000)
 ParOldGen       total 54784K, used 28938K [0x00000000a0000000, 0x00000000a3580000, 0x00000000e0000000)
  object space 54784K, 52% used [0x00000000a0000000,0x00000000a1c42ba8,0x00000000a3580000)
 Metaspace       used 57302K, capacity 58902K, committed 59028K, reserved 1099776K
  class space    used 7789K, capacity 8192K, committed 8192K, reserved 1048576K
}
Event: 36.733 GC heap before
{Heap before GC invocations=18 (full 3):
 PSYoungGen      total 152576K, used 10589K [0x00000000e0000000, 0x00000000ecc80000, 0x0000000100000000)
  eden space 137216K, 0% used [0x00000000e0000000,0x00000000e0000000,0x00000000e8600000)
  from space 15360K, 68% used [0x00000000e8600000,0x00000000e9057508,0x00000000e9500000)
  to   space 15872K, 0% used [0x00000000ebd00000,0x00000000ebd00000,0x00000000ecc80000)
 ParOldGen       total 54784K, used 28938K [0x00000000a0000000, 0x00000000a3580000, 0x00000000e0000000)
  object space 54784K, 52% used [0x00000000a0000000,0x00000000a1c42ba8,0x00000000a3580000)
 Metaspace       used 57302K, capacity 58902K, committed 59028K, reserved 1099776K
  class space    used 7789K, capacity 8192K, committed 8192K, reserved 1048576K
Event: 37.122 GC heap after
Heap after GC invocations=18 (full 3):
 PSYoungGen      total 152576K, used 0K [0x00000000e0000000, 0x00000000ecc80000, 0x0000000100000000)
  eden space 137216K, 0% used [0x00000000e0000000,0x00000000e0000000,0x00000000e8600000)
  from space 15360K, 0% used [0x00000000e8600000,0x00000000e8600000,0x00000000e9500000)
  to   space 15872K, 0% used [0x00000000ebd00000,0x00000000ebd00000,0x00000000ecc80000)
 ParOldGen       total 89088K, used 34803K [0x00000000a0000000, 0x00000000a5700000, 0x00000000e0000000)
  object space 89088K, 39% used [0x00000000a0000000,0x00000000a21fcd38,0x00000000a5700000)
 Metaspace       used 57302K, capacity 58902K, committed 59028K, reserved 1099776K
  class space    used 7789K, capacity 8192K, committed 8192K, reserved 1048576K
}
Event: 44.566 GC heap before
{Heap before GC invocations=19 (full 3):
 PSYoungGen      total 152576K, used 137216K [0x00000000e0000000, 0x00000000ecc80000, 0x0000000100000000)
  eden space 137216K, 100% used [0x00000000e0000000,0x00000000e8600000,0x00000000e8600000)
  from space 15360K, 0% used [0x00000000e8600000,0x00000000e8600000,0x00000000e9500000)
  to   space 15872K, 0% used [0x00000000ebd00000,0x00000000ebd00000,0x00000000ecc80000)
 ParOldGen       total 89088K, used 34803K [0x00000000a0000000, 0x00000000a5700000, 0x00000000e0000000)
  object space 89088K, 39% used [0x00000000a0000000,0x00000000a21fcd38,0x00000000a5700000)
 Metaspace       used 66559K, capacity 68512K, committed 68608K, reserved 1107968K
  class space    used 8985K, capacity 9444K, committed 9472K, reserved 1048576K
Event: 44.597 GC heap after
Heap after GC invocations=19 (full 3):
 PSYoungGen      total 181760K, used 15861K [0x00000000e0000000, 0x00000000ecc80000, 0x0000000100000000)
  eden space 165888K, 0% used [0x00000000e0000000,0x00000000e0000000,0x00000000ea200000)
  from space 15872K, 99% used [0x00000000ebd00000,0x00000000ecc7d720,0x00000000ecc80000)
  to   space 18944K, 0% used [0x00000000ea780000,0x00000000ea780000,0x00000000eba00000)
 ParOldGen       total 89088K, used 36633K [0x00000000a0000000, 0x00000000a5700000, 0x00000000e0000000)
  object space 89088K, 41% used [0x00000000a0000000,0x00000000a23c6758,0x00000000a5700000)
 Metaspace       used 66559K, capacity 68512K, committed 68608K, reserved 1107968K
  class space    used 8985K, capacity 9444K, committed 9472K, reserved 1048576K
}
Event: 47.471 GC heap before
{Heap before GC invocations=20 (full 3):
 PSYoungGen      total 181760K, used 181749K [0x00000000e0000000, 0x00000000ecc80000, 0x0000000100000000)
  eden space 165888K, 100% used [0x00000000e0000000,0x00000000ea200000,0x00000000ea200000)
  from space 15872K, 99% used [0x00000000ebd00000,0x00000000ecc7d720,0x00000000ecc80000)
  to   space 18944K, 0% used [0x00000000ea780000,0x00000000ea780000,0x00000000eba00000)
 ParOldGen       total 89088K, used 36633K [0x00000000a0000000, 0x00000000a5700000, 0x00000000e0000000)
  object space 89088K, 41% used [0x00000000a0000000,0x00000000a23c6758,0x00000000a5700000)
 Metaspace       used 71580K, capacity 73790K, committed 73856K, reserved 1114112K
  class space    used 9576K, capacity 10103K, committed 10112K, reserved 1048576K
Event: 47.504 GC heap after
Heap after GC invocations=20 (full 3):
 PSYoungGen      total 190464K, used 4725K [0x00000000e0000000, 0x00000000ede80000, 0x0000000100000000)
  eden space 171520K, 0% used [0x00000000e0000000,0x00000000e0000000,0x00000000ea780000)
  from space 18944K, 24% used [0x00000000ea780000,0x00000000eac1d768,0x00000000eba00000)
  to   space 18432K, 0% used [0x00000000ecc80000,0x00000000ecc80000,0x00000000ede80000)
 ParOldGen       total 89088K, used 44809K [0x00000000a0000000, 0x00000000a5700000, 0x00000000e0000000)
  object space 89088K, 50% used [0x00000000a0000000,0x00000000a2bc27c0,0x00000000a5700000)
 Metaspace       used 71580K, capacity 73790K, committed 73856K, reserved 1114112K
  class space    used 9576K, capacity 10103K, committed 10112K, reserved 1048576K
}

