# JRE version: OpenJDK Runtime Environment (8.0_152-b06) (build 1.8.0_152-release-1136-b06)
# Java VM: OpenJDK 64-Bit Server VM (25.152-b06 mixed mode windows-amd64 compressed oops)
Heap:
 PSYoungGen      total 185344K, used 136789K [0x00000000e0000000, 0x00000000ec600000, 0x0000000100000000)
  eden space 171008K, 79% used [0x00000000e0000000,0x00000000e83fffb0,0x00000000ea700000)
  from space 14336K, 11% used [0x00000000eb800000,0x00000000eb9954b8,0x00000000ec600000)
  to   space 15872K, 0% used [0x00000000ea700000,0x00000000ea700000,0x00000000eb680000)
 ParOldGen       total 92160K, used 66156K [0x00000000a0000000, 0x00000000a5a00000, 0x00000000e0000000)
  object space 92160K, 71% used [0x00000000a0000000,0x00000000a409b1b8,0x00000000a5a00000)
 Metaspace       used 70947K, capacity 73220K, committed 73816K, reserved 1114112K
  class space    used 9454K, capacity 9949K, committed 10112K, reserved 1048576K
GC Heap History (10 events):
Event: 59.550 GC heap before
{Heap before GC invocations=40 (full 3):
 PSYoungGen      total 163328K, used 155459K [0x00000000e0000000, 0x00000000eb100000, 0x0000000100000000)
  eden space 145408K, 100% used [0x00000000e0000000,0x00000000e8e00000,0x00000000e8e00000)
  from space 17920K, 56% used [0x00000000e9f80000,0x00000000ea950de0,0x00000000eb100000)
  to   space 17920K, 0% used [0x00000000e8e00000,0x00000000e8e00000,0x00000000e9f80000)
 ParOldGen       total 92160K, used 72488K [0x00000000a0000000, 0x00000000a5a00000, 0x00000000e0000000)
  object space 92160K, 78% used [0x00000000a0000000,0x00000000a46ca330,0x00000000a5a00000)
 Metaspace       used 71024K, capacity 73496K, committed 73816K, reserved 1114112K
  class space    used 9488K, capacity 10019K, committed 10112K, reserved 1048576K
Event: 59.588 GC heap after
Heap after GC invocations=40 (full 3):
 PSYoungGen      total 163328K, used 4553K [0x00000000e0000000, 0x00000000eb100000, 0x0000000100000000)
  eden space 145408K, 0% used [0x00000000e0000000,0x00000000e0000000,0x00000000e8e00000)
  from space 17920K, 25% used [0x00000000e8e00000,0x00000000e92726d0,0x00000000e9f80000)
  to   space 17920K, 0% used [0x00000000e9f80000,0x00000000e9f80000,0x00000000eb100000)
 ParOldGen       total 92160K, used 81670K [0x00000000a0000000, 0x00000000a5a00000, 0x00000000e0000000)
  object space 92160K, 88% used [0x00000000a0000000,0x00000000a4fc1bf0,0x00000000a5a00000)
 Metaspace       used 71024K, capacity 73496K, committed 73816K, reserved 1114112K
  class space    used 9488K, capacity 10019K, committed 10112K, reserved 1048576K
}
Event: 59.588 GC heap before
{Heap before GC invocations=41 (full 4):
 PSYoungGen      total 163328K, used 4553K [0x00000000e0000000, 0x00000000eb100000, 0x0000000100000000)
  eden space 145408K, 0% used [0x00000000e0000000,0x00000000e0000000,0x00000000e8e00000)
  from space 17920K, 25% used [0x00000000e8e00000,0x00000000e92726d0,0x00000000e9f80000)
  to   space 17920K, 0% used [0x00000000e9f80000,0x00000000e9f80000,0x00000000eb100000)
 ParOldGen       total 92160K, used 81670K [0x00000000a0000000, 0x00000000a5a00000, 0x00000000e0000000)
  object space 92160K, 88% used [0x00000000a0000000,0x00000000a4fc1bf0,0x00000000a5a00000)
 Metaspace       used 71024K, capacity 73496K, committed 73816K, reserved 1114112K
  class space    used 9488K, capacity 10019K, committed 10112K, reserved 1048576K
Event: 59.843 GC heap after
Heap after GC invocations=41 (full 4):
 PSYoungGen      total 163328K, used 0K [0x00000000e0000000, 0x00000000eb100000, 0x0000000100000000)
  eden space 145408K, 0% used [0x00000000e0000000,0x00000000e0000000,0x00000000e8e00000)
  from space 17920K, 0% used [0x00000000e8e00000,0x00000000e8e00000,0x00000000e9f80000)
  to   space 17920K, 0% used [0x00000000e9f80000,0x00000000e9f80000,0x00000000eb100000)
 ParOldGen       total 92160K, used 56515K [0x00000000a0000000, 0x00000000a5a00000, 0x00000000e0000000)
  object space 92160K, 61% used [0x00000000a0000000,0x00000000a3730d18,0x00000000a5a00000)
 Metaspace       used 70906K, capacity 73200K, committed 73816K, reserved 1114112K
  class space    used 9446K, capacity 9947K, committed 10112K, reserved 1048576K
}
Event: 60.616 GC heap before
{Heap before GC invocations=42 (full 4):
 PSYoungGen      total 163328K, used 145408K [0x00000000e0000000, 0x00000000eb100000, 0x0000000100000000)
  eden space 145408K, 100% used [0x00000000e0000000,0x00000000e8e00000,0x00000000e8e00000)
  from space 17920K, 0% used [0x00000000e8e00000,0x00000000e8e00000,0x00000000e9f80000)
  to   space 17920K, 0% used [0x00000000e9f80000,0x00000000e9f80000,0x00000000eb100000)
 ParOldGen       total 92160K, used 56515K [0x00000000a0000000, 0x00000000a5a00000, 0x00000000e0000000)
  object space 92160K, 61% used [0x00000000a0000000,0x00000000a3730d18,0x00000000a5a00000)
 Metaspace       used 70910K, capacity 73206K, committed 73816K, reserved 1114112K
  class space    used 9447K, capacity 9948K, committed 10112K, reserved 1048576K
Event: 60.633 GC heap after
Heap after GC invocations=42 (full 4):
 PSYoungGen      total 164864K, used 7584K [0x00000000e0000000, 0x00000000ec580000, 0x0000000100000000)
  eden space 146944K, 0% used [0x00000000e0000000,0x00000000e0000000,0x00000000e8f80000)
  from space 17920K, 42% used [0x00000000e9f80000,0x00000000ea6e8000,0x00000000eb100000)
  to   space 16384K, 0% used [0x00000000e8f80000,0x00000000e8f80000,0x00000000e9f80000)
 ParOldGen       total 92160K, used 56515K [0x00000000a0000000, 0x00000000a5a00000, 0x00000000e0000000)
  object space 92160K, 61% used [0x00000000a0000000,0x00000000a3730d18,0x00000000a5a00000)
 Metaspace       used 70910K, capacity 73206K, committed 73816K, reserved 1114112K
  class space    used 9447K, capacity 9948K, committed 10112K, reserved 1048576K
}
Event: 61.493 GC heap before
{Heap before GC invocations=43 (full 4):
 PSYoungGen      total 164864K, used 154528K [0x00000000e0000000, 0x00000000ec580000, 0x0000000100000000)
  eden space 146944K, 100% used [0x00000000e0000000,0x00000000e8f80000,0x00000000e8f80000)
  from space 17920K, 42% used [0x00000000e9f80000,0x00000000ea6e8000,0x00000000eb100000)
  to   space 16384K, 0% used [0x00000000e8f80000,0x00000000e8f80000,0x00000000e9f80000)
 ParOldGen       total 92160K, used 56515K [0x00000000a0000000, 0x00000000a5a00000, 0x00000000e0000000)
  object space 92160K, 61% used [0x00000000a0000000,0x00000000a3730d18,0x00000000a5a00000)
 Metaspace       used 70915K, capacity 73216K, committed 73816K, reserved 1114112K
  class space    used 9448K, capacity 9949K, committed 10112K, reserved 1048576K
Event: 61.528 GC heap after
Heap after GC invocations=43 (full 4):
 PSYoungGen      total 163328K, used 3723K [0x00000000e0000000, 0x00000000ec800000, 0x0000000100000000)
  eden space 146944K, 0% used [0x00000000e0000000,0x00000000e0000000,0x00000000e8f80000)
  from space 16384K, 22% used [0x00000000e8f80000,0x00000000e9322eb0,0x00000000e9f80000)
  to   space 16384K, 0% used [0x00000000eb800000,0x00000000eb800000,0x00000000ec800000)
 ParOldGen       total 92160K, used 63647K [0x00000000a0000000, 0x00000000a5a00000, 0x00000000e0000000)
  object space 92160K, 69% used [0x00000000a0000000,0x00000000a3e27f68,0x00000000a5a00000)
 Metaspace       used 70915K, capacity 73216K, committed 73816K, reserved 1114112K
  class space    used 9448K, capacity 9949K, committed 10112K, reserved 1048576K
}
Event: 62.453 GC heap before
{Heap before GC invocations=44 (full 4):
 PSYoungGen      total 163328K, used 150667K [0x00000000e0000000, 0x00000000ec800000, 0x0000000100000000)
  eden space 146944K, 100% used [0x00000000e0000000,0x00000000e8f80000,0x00000000e8f80000)
  from space 16384K, 22% used [0x00000000e8f80000,0x00000000e9322eb0,0x00000000e9f80000)
  to   space 16384K, 0% used [0x00000000eb800000,0x00000000eb800000,0x00000000ec800000)
 ParOldGen       total 92160K, used 63647K [0x00000000a0000000, 0x00000000a5a00000, 0x00000000e0000000)
  object space 92160K, 69% used [0x00000000a0000000,0x00000000a3e27f68,0x00000000a5a00000)
 Metaspace       used 70937K, capacity 73216K, committed 73816K, reserved 1114112K
  class space    used 9452K, capacity 9949K, committed 10112K, reserved 1048576K
Event: 62.468 GC heap after
Heap after GC invocations=44 (full 4):
 PSYoungGen      total 185344K, used 1621K [0x00000000e0000000, 0x00000000ec600000, 0x0000000100000000)
  eden space 171008K, 0% used [0x00000000e0000000,0x00000000e0000000,0x00000000ea700000)
  from space 14336K, 11% used [0x00000000eb800000,0x00000000eb9954b8,0x00000000ec600000)
  to   space 15872K, 0% used [0x00000000ea700000,0x00000000ea700000,0x00000000eb680000)
 ParOldGen       total 92160K, used 66156K [0x00000000a0000000, 0x00000000a5a00000, 0x00000000e0000000)
  object space 92160K, 71% used [0x00000000a0000000,0x00000000a409b1b8,0x00000000a5a00000)
 Metaspace       used 70937K, capacity 73216K, committed 73816K, reserved 1114112K
  class space    used 9452K, capacity 9949K, committed 10112K, reserved 1048576K
}

