# JRE version: OpenJDK Runtime Environment (8.0_152-b06) (build 1.8.0_152-release-1136-b06)
# Java VM: OpenJDK 64-Bit Server VM (25.152-b06 mixed mode windows-amd64 compressed oops)
Heap:
 PSYoungGen      total 148992K, used 53883K [0x00000000e0000000, 0x00000000ebe80000, 0x0000000100000000)
  eden space 130560K, 27% used [0x00000000e0000000,0x00000000e22a3aa0,0x00000000e7f80000)
  from space 18432K, 99% used [0x00000000e7f80000,0x00000000e917b208,0x00000000e9180000)
  to   space 25088K, 0% used [0x00000000ea600000,0x00000000ea600000,0x00000000ebe80000)
 ParOldGen       total 90112K, used 58529K [0x00000000a0000000, 0x00000000a5800000, 0x00000000e0000000)
  object space 90112K, 64% used [0x00000000a0000000,0x00000000a3928748,0x00000000a5800000)
 Metaspace       used 91365K, capacity 94692K, committed 94936K, reserved 1132544K
  class space    used 11639K, capacity 12343K, committed 12544K, reserved 1048576K
GC Heap History (10 events):
Event: 4473.682 GC heap before
{Heap before GC invocations=29 (full 3):
 PSYoungGen      total 144896K, used 144848K [0x00000000e0000000, 0x00000000ea480000, 0x0000000100000000)
  eden space 138752K, 100% used [0x00000000e0000000,0x00000000e8780000,0x00000000e8780000)
  from space 6144K, 99% used [0x00000000e8c80000,0x00000000e9274080,0x00000000e9280000)
  to   space 14848K, 0% used [0x00000000e9600000,0x00000000e9600000,0x00000000ea480000)
 ParOldGen       total 90112K, used 54891K [0x00000000a0000000, 0x00000000a5800000, 0x00000000e0000000)
  object space 90112K, 60% used [0x00000000a0000000,0x00000000a359ad48,0x00000000a5800000)
 Metaspace       used 75675K, capacity 78597K, committed 78936K, reserved 1118208K
  class space    used 9843K, capacity 10497K, committed 10624K, reserved 1048576K
Event: 4473.786 GC heap after
Heap after GC invocations=29 (full 3):
 PSYoungGen      total 144384K, used 9426K [0x00000000e0000000, 0x00000000ea000000, 0x0000000100000000)
  eden space 134144K, 0% used [0x00000000e0000000,0x00000000e0000000,0x00000000e8300000)
  from space 10240K, 92% used [0x00000000e9600000,0x00000000e9f34a68,0x00000000ea000000)
  to   space 14848K, 0% used [0x00000000e8300000,0x00000000e8300000,0x00000000e9180000)
 ParOldGen       total 90112K, used 54899K [0x00000000a0000000, 0x00000000a5800000, 0x00000000e0000000)
  object space 90112K, 60% used [0x00000000a0000000,0x00000000a359cd48,0x00000000a5800000)
 Metaspace       used 75675K, capacity 78597K, committed 78936K, reserved 1118208K
  class space    used 9843K, capacity 10497K, committed 10624K, reserved 1048576K
}
Event: 4489.543 GC heap before
{Heap before GC invocations=30 (full 3):
 PSYoungGen      total 144384K, used 36533K [0x00000000e0000000, 0x00000000ea000000, 0x0000000100000000)
  eden space 134144K, 20% used [0x00000000e0000000,0x00000000e1a789b8,0x00000000e8300000)
  from space 10240K, 92% used [0x00000000e9600000,0x00000000e9f34a68,0x00000000ea000000)
  to   space 14848K, 0% used [0x00000000e8300000,0x00000000e8300000,0x00000000e9180000)
 ParOldGen       total 90112K, used 54899K [0x00000000a0000000, 0x00000000a5800000, 0x00000000e0000000)
  object space 90112K, 60% used [0x00000000a0000000,0x00000000a359cd48,0x00000000a5800000)
 Metaspace       used 77624K, capacity 80519K, committed 80728K, reserved 1120256K
  class space    used 10115K, capacity 10791K, committed 10880K, reserved 1048576K
Event: 4489.617 GC heap after
Heap after GC invocations=30 (full 3):
 PSYoungGen      total 148992K, used 8553K [0x00000000e0000000, 0x00000000ea000000, 0x0000000100000000)
  eden space 134144K, 0% used [0x00000000e0000000,0x00000000e0000000,0x00000000e8300000)
  from space 14848K, 57% used [0x00000000e8300000,0x00000000e8b5a708,0x00000000e9180000)
  to   space 14848K, 0% used [0x00000000e9180000,0x00000000e9180000,0x00000000ea000000)
 ParOldGen       total 90112K, used 54907K [0x00000000a0000000, 0x00000000a5800000, 0x00000000e0000000)
  object space 90112K, 60% used [0x00000000a0000000,0x00000000a359ed48,0x00000000a5800000)
 Metaspace       used 77624K, capacity 80519K, committed 80728K, reserved 1120256K
  class space    used 10115K, capacity 10791K, committed 10880K, reserved 1048576K
}
Event: 4489.617 GC heap before
{Heap before GC invocations=31 (full 4):
 PSYoungGen      total 148992K, used 8553K [0x00000000e0000000, 0x00000000ea000000, 0x0000000100000000)
  eden space 134144K, 0% used [0x00000000e0000000,0x00000000e0000000,0x00000000e8300000)
  from space 14848K, 57% used [0x00000000e8300000,0x00000000e8b5a708,0x00000000e9180000)
  to   space 14848K, 0% used [0x00000000e9180000,0x00000000e9180000,0x00000000ea000000)
 ParOldGen       total 90112K, used 54907K [0x00000000a0000000, 0x00000000a5800000, 0x00000000e0000000)
  object space 90112K, 60% used [0x00000000a0000000,0x00000000a359ed48,0x00000000a5800000)
 Metaspace       used 77624K, capacity 80519K, committed 80728K, reserved 1120256K
  class space    used 10115K, capacity 10791K, committed 10880K, reserved 1048576K
Event: 4497.470 GC heap after
Heap after GC invocations=31 (full 4):
 PSYoungGen      total 148992K, used 0K [0x00000000e0000000, 0x00000000ea000000, 0x0000000100000000)
  eden space 134144K, 0% used [0x00000000e0000000,0x00000000e0000000,0x00000000e8300000)
  from space 14848K, 0% used [0x00000000e8300000,0x00000000e8300000,0x00000000e9180000)
  to   space 14848K, 0% used [0x00000000e9180000,0x00000000e9180000,0x00000000ea000000)
 ParOldGen       total 90112K, used 42327K [0x00000000a0000000, 0x00000000a5800000, 0x00000000e0000000)
  object space 90112K, 46% used [0x00000000a0000000,0x00000000a2955c68,0x00000000a5800000)
 Metaspace       used 76088K, capacity 78305K, committed 80728K, reserved 1120256K
  class space    used 9797K, capacity 10328K, committed 10880K, reserved 1048576K
}
Event: 4640.979 GC heap before
{Heap before GC invocations=32 (full 4):
 PSYoungGen      total 148992K, used 134144K [0x00000000e0000000, 0x00000000ea000000, 0x0000000100000000)
  eden space 134144K, 100% used [0x00000000e0000000,0x00000000e8300000,0x00000000e8300000)
  from space 14848K, 0% used [0x00000000e8300000,0x00000000e8300000,0x00000000e9180000)
  to   space 14848K, 0% used [0x00000000e9180000,0x00000000e9180000,0x00000000ea000000)
 ParOldGen       total 90112K, used 42327K [0x00000000a0000000, 0x00000000a5800000, 0x00000000e0000000)
  object space 90112K, 46% used [0x00000000a0000000,0x00000000a2955c68,0x00000000a5800000)
 Metaspace       used 81592K, capacity 84146K, committed 85336K, reserved 1124352K
  class space    used 10484K, capacity 11060K, committed 11392K, reserved 1048576K
Event: 4641.127 GC heap after
Heap after GC invocations=32 (full 4):
 PSYoungGen      total 145408K, used 14834K [0x00000000e0000000, 0x00000000eb180000, 0x0000000100000000)
  eden space 130560K, 0% used [0x00000000e0000000,0x00000000e0000000,0x00000000e7f80000)
  from space 14848K, 99% used [0x00000000e9180000,0x00000000e9ffc990,0x00000000ea000000)
  to   space 18432K, 0% used [0x00000000e7f80000,0x00000000e7f80000,0x00000000e9180000)
 ParOldGen       total 90112K, used 46769K [0x00000000a0000000, 0x00000000a5800000, 0x00000000e0000000)
  object space 90112K, 51% used [0x00000000a0000000,0x00000000a2dac588,0x00000000a5800000)
 Metaspace       used 81592K, capacity 84146K, committed 85336K, reserved 1124352K
  class space    used 10484K, capacity 11060K, committed 11392K, reserved 1048576K
}
Event: 4652.009 GC heap before
{Heap before GC invocations=33 (full 4):
 PSYoungGen      total 145408K, used 145394K [0x00000000e0000000, 0x00000000eb180000, 0x0000000100000000)
  eden space 130560K, 100% used [0x00000000e0000000,0x00000000e7f80000,0x00000000e7f80000)
  from space 14848K, 99% used [0x00000000e9180000,0x00000000e9ffc990,0x00000000ea000000)
  to   space 18432K, 0% used [0x00000000e7f80000,0x00000000e7f80000,0x00000000e9180000)
 ParOldGen       total 90112K, used 46769K [0x00000000a0000000, 0x00000000a5800000, 0x00000000e0000000)
  object space 90112K, 51% used [0x00000000a0000000,0x00000000a2dac588,0x00000000a5800000)
 Metaspace       used 90037K, capacity 93142K, committed 93784K, reserved 1130496K
  class space    used 11521K, capacity 12218K, committed 12416K, reserved 1048576K
Event: 4652.187 GC heap after
Heap after GC invocations=33 (full 4):
 PSYoungGen      total 148992K, used 18412K [0x00000000e0000000, 0x00000000ebe80000, 0x0000000100000000)
  eden space 130560K, 0% used [0x00000000e0000000,0x00000000e0000000,0x00000000e7f80000)
  from space 18432K, 99% used [0x00000000e7f80000,0x00000000e917b208,0x00000000e9180000)
  to   space 25088K, 0% used [0x00000000ea600000,0x00000000ea600000,0x00000000ebe80000)
 ParOldGen       total 90112K, used 58529K [0x00000000a0000000, 0x00000000a5800000, 0x00000000e0000000)
  object space 90112K, 64% used [0x00000000a0000000,0x00000000a3928748,0x00000000a5800000)
 Metaspace       used 90037K, capacity 93142K, committed 93784K, reserved 1130496K
  class space    used 11521K, capacity 12218K, committed 12416K, reserved 1048576K
}

