# JRE version: OpenJDK Runtime Environment (8.0_152-b06) (build 1.8.0_152-release-1136-b06)
# Java VM: OpenJDK 64-Bit Server VM (25.152-b06 mixed mode windows-amd64 compressed oops)
Heap:
 PSYoungGen      total 219648K, used 16814K [0x00000000e0000000, 0x00000000f2c00000, 0x0000000100000000)
  eden space 191488K, 5% used [0x00000000e0000000,0x00000000e0ad8630,0x00000000ebb00000)
  from space 28160K, 20% used [0x00000000ebb00000,0x00000000ec093458,0x00000000ed680000)
  to   space 27136K, 0% used [0x00000000f1180000,0x00000000f1180000,0x00000000f2c00000)
 ParOldGen       total 84992K, used 38603K [0x00000000a0000000, 0x00000000a5300000, 0x00000000e0000000)
  object space 84992K, 45% used [0x00000000a0000000,0x00000000a25b2db8,0x00000000a5300000)
 Metaspace       used 61826K, capacity 63110K, committed 63400K, reserved 1105920K
  class space    used 7167K, capacity 7526K, committed 7592K, reserved 1048576K
GC Heap History (10 events):
Event: 34.886 GC heap before
{Heap before GC invocations=15 (full 3):
 PSYoungGen      total 133632K, used 46106K [0x00000000e0000000, 0x00000000eba80000, 0x0000000100000000)
  eden space 111616K, 21% used [0x00000000e0000000,0x00000000e17cd288,0x00000000e6d00000)
  from space 22016K, 98% used [0x00000000e6d00000,0x00000000e82396f8,0x00000000e8280000)
  to   space 25088K, 0% used [0x00000000ea200000,0x00000000ea200000,0x00000000eba80000)
 ParOldGen       total 53248K, used 33620K [0x00000000a0000000, 0x00000000a3400000, 0x00000000e0000000)
  object space 53248K, 63% used [0x00000000a0000000,0x00000000a20d52c8,0x00000000a3400000)
 Metaspace       used 57739K, capacity 58876K, committed 59160K, reserved 1101824K
  class space    used 6956K, capacity 7253K, committed 7336K, reserved 1048576K
Event: 34.951 GC heap after
Heap after GC invocations=15 (full 3):
 PSYoungGen      total 165376K, used 644K [0x00000000e0000000, 0x00000000ed300000, 0x0000000100000000)
  eden space 140288K, 0% used [0x00000000e0000000,0x00000000e0000000,0x00000000e8900000)
  from space 25088K, 2% used [0x00000000ea200000,0x00000000ea2a10e0,0x00000000eba80000)
  to   space 25600K, 0% used [0x00000000e8900000,0x00000000e8900000,0x00000000ea200000)
 ParOldGen       total 53248K, used 47611K [0x00000000a0000000, 0x00000000a3400000, 0x00000000e0000000)
  object space 53248K, 89% used [0x00000000a0000000,0x00000000a2e7eeb0,0x00000000a3400000)
 Metaspace       used 57739K, capacity 58876K, committed 59160K, reserved 1101824K
  class space    used 6956K, capacity 7253K, committed 7336K, reserved 1048576K
}
Event: 34.951 GC heap before
{Heap before GC invocations=16 (full 4):
 PSYoungGen      total 165376K, used 644K [0x00000000e0000000, 0x00000000ed300000, 0x0000000100000000)
  eden space 140288K, 0% used [0x00000000e0000000,0x00000000e0000000,0x00000000e8900000)
  from space 25088K, 2% used [0x00000000ea200000,0x00000000ea2a10e0,0x00000000eba80000)
  to   space 25600K, 0% used [0x00000000e8900000,0x00000000e8900000,0x00000000ea200000)
 ParOldGen       total 53248K, used 47611K [0x00000000a0000000, 0x00000000a3400000, 0x00000000e0000000)
  object space 53248K, 89% used [0x00000000a0000000,0x00000000a2e7eeb0,0x00000000a3400000)
 Metaspace       used 57739K, capacity 58876K, committed 59160K, reserved 1101824K
  class space    used 6956K, capacity 7253K, committed 7336K, reserved 1048576K
Event: 35.266 GC heap after
Heap after GC invocations=16 (full 4):
 PSYoungGen      total 165376K, used 0K [0x00000000e0000000, 0x00000000ed300000, 0x0000000100000000)
  eden space 140288K, 0% used [0x00000000e0000000,0x00000000e0000000,0x00000000e8900000)
  from space 25088K, 0% used [0x00000000ea200000,0x00000000ea200000,0x00000000eba80000)
  to   space 25600K, 0% used [0x00000000e8900000,0x00000000e8900000,0x00000000ea200000)
 ParOldGen       total 84992K, used 37210K [0x00000000a0000000, 0x00000000a5300000, 0x00000000e0000000)
  object space 84992K, 43% used [0x00000000a0000000,0x00000000a2456b78,0x00000000a5300000)
 Metaspace       used 57739K, capacity 58876K, committed 59160K, reserved 1101824K
  class space    used 6956K, capacity 7253K, committed 7336K, reserved 1048576K
}
Event: 588.105 GC heap before
{Heap before GC invocations=17 (full 4):
 PSYoungGen      total 165376K, used 140288K [0x00000000e0000000, 0x00000000ed300000, 0x0000000100000000)
  eden space 140288K, 100% used [0x00000000e0000000,0x00000000e8900000,0x00000000e8900000)
  from space 25088K, 0% used [0x00000000ea200000,0x00000000ea200000,0x00000000eba80000)
  to   space 25600K, 0% used [0x00000000e8900000,0x00000000e8900000,0x00000000ea200000)
 ParOldGen       total 84992K, used 37210K [0x00000000a0000000, 0x00000000a5300000, 0x00000000e0000000)
  object space 84992K, 43% used [0x00000000a0000000,0x00000000a2456b78,0x00000000a5300000)
 Metaspace       used 59539K, capacity 60736K, committed 60968K, reserved 1103872K
  class space    used 7070K, capacity 7369K, committed 7464K, reserved 1048576K
Event: 588.296 GC heap after
Heap after GC invocations=17 (full 4):
 PSYoungGen      total 165888K, used 24146K [0x00000000e0000000, 0x00000000ef980000, 0x0000000100000000)
  eden space 140288K, 0% used [0x00000000e0000000,0x00000000e0000000,0x00000000e8900000)
  from space 25600K, 94% used [0x00000000e8900000,0x00000000ea0949a0,0x00000000ea200000)
  to   space 29184K, 0% used [0x00000000edd00000,0x00000000edd00000,0x00000000ef980000)
 ParOldGen       total 84992K, used 37218K [0x00000000a0000000, 0x00000000a5300000, 0x00000000e0000000)
  object space 84992K, 43% used [0x00000000a0000000,0x00000000a2458b78,0x00000000a5300000)
 Metaspace       used 59539K, capacity 60736K, committed 60968K, reserved 1103872K
  class space    used 7070K, capacity 7369K, committed 7464K, reserved 1048576K
}
Event: 729.822 GC heap before
{Heap before GC invocations=18 (full 4):
 PSYoungGen      total 165888K, used 164434K [0x00000000e0000000, 0x00000000ef980000, 0x0000000100000000)
  eden space 140288K, 100% used [0x00000000e0000000,0x00000000e8900000,0x00000000e8900000)
  from space 25600K, 94% used [0x00000000e8900000,0x00000000ea0949a0,0x00000000ea200000)
  to   space 29184K, 0% used [0x00000000edd00000,0x00000000edd00000,0x00000000ef980000)
 ParOldGen       total 84992K, used 37218K [0x00000000a0000000, 0x00000000a5300000, 0x00000000e0000000)
  object space 84992K, 43% used [0x00000000a0000000,0x00000000a2458b78,0x00000000a5300000)
 Metaspace       used 60755K, capacity 62074K, committed 62248K, reserved 1103872K
  class space    used 7119K, capacity 7446K, committed 7464K, reserved 1048576K
Event: 729.887 GC heap after
Heap after GC invocations=18 (full 4):
 PSYoungGen      total 212992K, used 8860K [0x00000000e0000000, 0x00000000ef200000, 0x0000000100000000)
  eden space 191488K, 0% used [0x00000000e0000000,0x00000000e0000000,0x00000000ebb00000)
  from space 21504K, 41% used [0x00000000edd00000,0x00000000ee5a7190,0x00000000ef200000)
  to   space 28160K, 0% used [0x00000000ebb00000,0x00000000ebb00000,0x00000000ed680000)
 ParOldGen       total 84992K, used 38291K [0x00000000a0000000, 0x00000000a5300000, 0x00000000e0000000)
  object space 84992K, 45% used [0x00000000a0000000,0x00000000a2564d58,0x00000000a5300000)
 Metaspace       used 60755K, capacity 62074K, committed 62248K, reserved 1103872K
  class space    used 7119K, capacity 7446K, committed 7464K, reserved 1048576K
}
Event: 3793.754 GC heap before
{Heap before GC invocations=19 (full 4):
 PSYoungGen      total 212992K, used 200348K [0x00000000e0000000, 0x00000000ef200000, 0x0000000100000000)
  eden space 191488K, 100% used [0x00000000e0000000,0x00000000ebb00000,0x00000000ebb00000)
  from space 21504K, 41% used [0x00000000edd00000,0x00000000ee5a7190,0x00000000ef200000)
  to   space 28160K, 0% used [0x00000000ebb00000,0x00000000ebb00000,0x00000000ed680000)
 ParOldGen       total 84992K, used 38291K [0x00000000a0000000, 0x00000000a5300000, 0x00000000e0000000)
  object space 84992K, 45% used [0x00000000a0000000,0x00000000a2564d58,0x00000000a5300000)
 Metaspace       used 61680K, capacity 63046K, committed 63400K, reserved 1105920K
  class space    used 7151K, capacity 7526K, committed 7592K, reserved 1048576K
Event: 3793.877 GC heap after
Heap after GC invocations=19 (full 4):
 PSYoungGen      total 219648K, used 5709K [0x00000000e0000000, 0x00000000f2c00000, 0x0000000100000000)
  eden space 191488K, 0% used [0x00000000e0000000,0x00000000e0000000,0x00000000ebb00000)
  from space 28160K, 20% used [0x00000000ebb00000,0x00000000ec093458,0x00000000ed680000)
  to   space 27136K, 0% used [0x00000000f1180000,0x00000000f1180000,0x00000000f2c00000)
 ParOldGen       total 84992K, used 38603K [0x00000000a0000000, 0x00000000a5300000, 0x00000000e0000000)
  object space 84992K, 45% used [0x00000000a0000000,0x00000000a25b2db8,0x00000000a5300000)
 Metaspace       used 61680K, capacity 63046K, committed 63400K, reserved 1105920K
  class space    used 7151K, capacity 7526K, committed 7592K, reserved 1048576K
}

