# JRE version: OpenJDK Runtime Environment (8.0_152-b06) (build 1.8.0_152-release-1136-b06)
# Java VM: OpenJDK 64-Bit Server VM (25.152-b06 mixed mode windows-amd64 compressed oops)
Heap:
 PSYoungGen      total 142848K, used 110072K [0x00000000e0000000, 0x00000000eb580000, 0x0000000100000000)
  eden space 124416K, 73% used [0x00000000e0000000,0x00000000e597e688,0x00000000e7980000)
  from space 18432K, 99% used [0x00000000e7980000,0x00000000e8b7fb98,0x00000000e8b80000)
  to   space 24064K, 0% used [0x00000000e9e00000,0x00000000e9e00000,0x00000000eb580000)
 ParOldGen       total 119808K, used 50087K [0x00000000a0000000, 0x00000000a7500000, 0x00000000e0000000)
  object space 119808K, 41% used [0x00000000a0000000,0x00000000a30e9d98,0x00000000a7500000)
 Metaspace       used 99141K, capacity 102378K, committed 103256K, reserved 1138688K
  class space    used 12333K, capacity 13040K, committed 13184K, reserved 1048576K
GC Heap History (10 events):
Event: 6913.124 GC heap before
{Heap before GC invocations=52 (full 5):
 PSYoungGen      total 146432K, used 8445K [0x00000000e0000000, 0x00000000eaa80000, 0x0000000100000000)
  eden space 137728K, 0% used [0x00000000e0000000,0x00000000e0000000,0x00000000e8680000)
  from space 8704K, 97% used [0x00000000e8680000,0x00000000e8ebf458,0x00000000e8f00000)
  to   space 18432K, 0% used [0x00000000e9880000,0x00000000e9880000,0x00000000eaa80000)
 ParOldGen       total 119808K, used 70249K [0x00000000a0000000, 0x00000000a7500000, 0x00000000e0000000)
  object space 119808K, 58% used [0x00000000a0000000,0x00000000a449a420,0x00000000a7500000)
 Metaspace       used 85947K, capacity 89282K, committed 89432K, reserved 1126400K
  class space    used 10893K, capacity 11630K, committed 11648K, reserved 1048576K
Event: 6920.090 GC heap after
Heap after GC invocations=52 (full 5):
 PSYoungGen      total 146432K, used 0K [0x00000000e0000000, 0x00000000eaa80000, 0x0000000100000000)
  eden space 137728K, 0% used [0x00000000e0000000,0x00000000e0000000,0x00000000e8680000)
  from space 8704K, 0% used [0x00000000e8680000,0x00000000e8680000,0x00000000e8f00000)
  to   space 18432K, 0% used [0x00000000e9880000,0x00000000e9880000,0x00000000eaa80000)
 ParOldGen       total 119808K, used 42862K [0x00000000a0000000, 0x00000000a7500000, 0x00000000e0000000)
  object space 119808K, 35% used [0x00000000a0000000,0x00000000a29db8e0,0x00000000a7500000)
 Metaspace       used 83996K, capacity 86356K, committed 89432K, reserved 1126400K
  class space    used 10510K, capacity 11053K, committed 11648K, reserved 1048576K
}
Event: 6961.846 GC heap before
{Heap before GC invocations=53 (full 5):
 PSYoungGen      total 146432K, used 137728K [0x00000000e0000000, 0x00000000eaa80000, 0x0000000100000000)
  eden space 137728K, 100% used [0x00000000e0000000,0x00000000e8680000,0x00000000e8680000)
  from space 8704K, 0% used [0x00000000e8680000,0x00000000e8680000,0x00000000e8f00000)
  to   space 18432K, 0% used [0x00000000e9880000,0x00000000e9880000,0x00000000eaa80000)
 ParOldGen       total 119808K, used 42862K [0x00000000a0000000, 0x00000000a7500000, 0x00000000e0000000)
  object space 119808K, 35% used [0x00000000a0000000,0x00000000a29db8e0,0x00000000a7500000)
 Metaspace       used 84394K, capacity 86834K, committed 89432K, reserved 1126400K
  class space    used 10575K, capacity 11120K, committed 11648K, reserved 1048576K
Event: 6961.858 GC heap after
Heap after GC invocations=53 (full 5):
 PSYoungGen      total 146944K, used 1648K [0x00000000e0000000, 0x00000000ea600000, 0x0000000100000000)
  eden space 133120K, 0% used [0x00000000e0000000,0x00000000e0000000,0x00000000e8200000)
  from space 13824K, 11% used [0x00000000e9880000,0x00000000e9a1c020,0x00000000ea600000)
  to   space 18432K, 0% used [0x00000000e8200000,0x00000000e8200000,0x00000000e9400000)
 ParOldGen       total 119808K, used 42870K [0x00000000a0000000, 0x00000000a7500000, 0x00000000e0000000)
  object space 119808K, 35% used [0x00000000a0000000,0x00000000a29dd8e0,0x00000000a7500000)
 Metaspace       used 84394K, capacity 86834K, committed 89432K, reserved 1126400K
  class space    used 10575K, capacity 11120K, committed 11648K, reserved 1048576K
}
Event: 6975.097 GC heap before
{Heap before GC invocations=54 (full 5):
 PSYoungGen      total 146944K, used 134768K [0x00000000e0000000, 0x00000000ea600000, 0x0000000100000000)
  eden space 133120K, 100% used [0x00000000e0000000,0x00000000e8200000,0x00000000e8200000)
  from space 13824K, 11% used [0x00000000e9880000,0x00000000e9a1c020,0x00000000ea600000)
  to   space 18432K, 0% used [0x00000000e8200000,0x00000000e8200000,0x00000000e9400000)
 ParOldGen       total 119808K, used 42870K [0x00000000a0000000, 0x00000000a7500000, 0x00000000e0000000)
  object space 119808K, 35% used [0x00000000a0000000,0x00000000a29dd8e0,0x00000000a7500000)
 Metaspace       used 89782K, capacity 92210K, committed 94424K, reserved 1132544K
  class space    used 11180K, capacity 11760K, committed 12288K, reserved 1048576K
Event: 6975.116 GC heap after
Heap after GC invocations=54 (full 5):
 PSYoungGen      total 135168K, used 6294K [0x00000000e0000000, 0x00000000ea080000, 0x0000000100000000)
  eden space 128512K, 0% used [0x00000000e0000000,0x00000000e0000000,0x00000000e7d80000)
  from space 6656K, 94% used [0x00000000e8200000,0x00000000e8825a08,0x00000000e8880000)
  to   space 17920K, 0% used [0x00000000e8f00000,0x00000000e8f00000,0x00000000ea080000)
 ParOldGen       total 119808K, used 42878K [0x00000000a0000000, 0x00000000a7500000, 0x00000000e0000000)
  object space 119808K, 35% used [0x00000000a0000000,0x00000000a29df8e0,0x00000000a7500000)
 Metaspace       used 89782K, capacity 92210K, committed 94424K, reserved 1132544K
  class space    used 11180K, capacity 11760K, committed 12288K, reserved 1048576K
}
Event: 6982.775 GC heap before
{Heap before GC invocations=55 (full 5):
 PSYoungGen      total 135168K, used 134806K [0x00000000e0000000, 0x00000000ea080000, 0x0000000100000000)
  eden space 128512K, 100% used [0x00000000e0000000,0x00000000e7d80000,0x00000000e7d80000)
  from space 6656K, 94% used [0x00000000e8200000,0x00000000e8825a08,0x00000000e8880000)
  to   space 17920K, 0% used [0x00000000e8f00000,0x00000000e8f00000,0x00000000ea080000)
 ParOldGen       total 119808K, used 42882K [0x00000000a0000000, 0x00000000a7500000, 0x00000000e0000000)
  object space 119808K, 35% used [0x00000000a0000000,0x00000000a29e08f0,0x00000000a7500000)
 Metaspace       used 89871K, capacity 92274K, committed 94424K, reserved 1132544K
  class space    used 11180K, capacity 11760K, committed 12288K, reserved 1048576K
Event: 6982.800 GC heap after
Heap after GC invocations=55 (full 5):
 PSYoungGen      total 139264K, used 11839K [0x00000000e0000000, 0x00000000e9d80000, 0x0000000100000000)
  eden space 124416K, 0% used [0x00000000e0000000,0x00000000e0000000,0x00000000e7980000)
  from space 14848K, 79% used [0x00000000e8f00000,0x00000000e9a8fd98,0x00000000e9d80000)
  to   space 18432K, 0% used [0x00000000e7980000,0x00000000e7980000,0x00000000e8b80000)
 ParOldGen       total 119808K, used 42890K [0x00000000a0000000, 0x00000000a7500000, 0x00000000e0000000)
  object space 119808K, 35% used [0x00000000a0000000,0x00000000a29e28f0,0x00000000a7500000)
 Metaspace       used 89871K, capacity 92274K, committed 94424K, reserved 1132544K
  class space    used 11180K, capacity 11760K, committed 12288K, reserved 1048576K
}
Event: 6990.450 GC heap before
{Heap before GC invocations=56 (full 5):
 PSYoungGen      total 139264K, used 136255K [0x00000000e0000000, 0x00000000e9d80000, 0x0000000100000000)
  eden space 124416K, 100% used [0x00000000e0000000,0x00000000e7980000,0x00000000e7980000)
  from space 14848K, 79% used [0x00000000e8f00000,0x00000000e9a8fd98,0x00000000e9d80000)
  to   space 18432K, 0% used [0x00000000e7980000,0x00000000e7980000,0x00000000e8b80000)
 ParOldGen       total 119808K, used 42898K [0x00000000a0000000, 0x00000000a7500000, 0x00000000e0000000)
  object space 119808K, 35% used [0x00000000a0000000,0x00000000a29e4940,0x00000000a7500000)
 Metaspace       used 98055K, capacity 101062K, committed 102232K, reserved 1138688K
  class space    used 12238K, capacity 12934K, committed 13184K, reserved 1048576K
Event: 6990.614 GC heap after
Heap after GC invocations=56 (full 5):
 PSYoungGen      total 142848K, used 18430K [0x00000000e0000000, 0x00000000eb580000, 0x0000000100000000)
  eden space 124416K, 0% used [0x00000000e0000000,0x00000000e0000000,0x00000000e7980000)
  from space 18432K, 99% used [0x00000000e7980000,0x00000000e8b7fb98,0x00000000e8b80000)
  to   space 24064K, 0% used [0x00000000e9e00000,0x00000000e9e00000,0x00000000eb580000)
 ParOldGen       total 119808K, used 50087K [0x00000000a0000000, 0x00000000a7500000, 0x00000000e0000000)
  object space 119808K, 41% used [0x00000000a0000000,0x00000000a30e9d98,0x00000000a7500000)
 Metaspace       used 98055K, capacity 101062K, committed 102232K, reserved 1138688K
  class space    used 12238K, capacity 12934K, committed 13184K, reserved 1048576K
}

